Using pre-set license
Built from '2021.3/staging' branch; Version is '2021.3.1f1 (3b70a0754835) revision 3895456'; Using compiler version '192829333'; Build Type 'Release'
OS: 'Windows 10  (10.0.19044) 64bit Professional' Language: 'ko' Physical Memory: 65485 MB
BatchMode: 1, IsHumanControllingUs: 0, StartBugReporterOnCrash: 0, Is64bit: 1, IsPro: 1

COMMAND LINE ARGUMENTS:
D:\MIREE\unity\2021.3.1f1\Editor\Unity.exe
-adb2
-batchMode
-noUpm
-name
AssetImportWorker2
-projectPath
D:/MIREE/Dev/FA 2022 Finals/FA22_Finals/FA22_Finals
-logFile
Logs/AssetImportWorker2.log
-srvPort
50895
Successfully changed project path to: D:/MIREE/Dev/FA 2022 Finals/FA22_Finals/FA22_Finals
D:/MIREE/Dev/FA 2022 Finals/FA22_Finals/FA22_Finals
[UnityMemory] Configuration Parameters - Can be set up in boot.config
    "memorysetup-bucket-allocator-granularity=16"
    "memorysetup-bucket-allocator-bucket-count=8"
    "memorysetup-bucket-allocator-block-size=33554432"
    "memorysetup-bucket-allocator-block-count=8"
    "memorysetup-main-allocator-block-size=16777216"
    "memorysetup-thread-allocator-block-size=16777216"
    "memorysetup-gfx-main-allocator-block-size=16777216"
    "memorysetup-gfx-thread-allocator-block-size=16777216"
    "memorysetup-cache-allocator-block-size=4194304"
    "memorysetup-typetree-allocator-block-size=2097152"
    "memorysetup-profiler-bucket-allocator-granularity=16"
    "memorysetup-profiler-bucket-allocator-bucket-count=8"
    "memorysetup-profiler-bucket-allocator-block-size=33554432"
    "memorysetup-profiler-bucket-allocator-block-count=8"
    "memorysetup-profiler-allocator-block-size=16777216"
    "memorysetup-profiler-editor-allocator-block-size=1048576"
    "memorysetup-temp-allocator-size-main=16777216"
    "memorysetup-job-temp-allocator-block-size=2097152"
    "memorysetup-job-temp-allocator-block-size-background=1048576"
    "memorysetup-job-temp-allocator-reduction-small-platforms=262144"
    "memorysetup-temp-allocator-size-background-worker=32768"
    "memorysetup-temp-allocator-size-job-worker=262144"
    "memorysetup-temp-allocator-size-preload-manager=33554432"
    "memorysetup-temp-allocator-size-nav-mesh-worker=65536"
    "memorysetup-temp-allocator-size-audio-worker=65536"
    "memorysetup-temp-allocator-size-cloud-worker=32768"
    "memorysetup-temp-allocator-size-gi-baking-worker=262144"
    "memorysetup-temp-allocator-size-gfx=262144"
Refreshing native plugins compatible for Editor in 102.14 ms, found 4 plugins.
Preloading 0 native plugins for Editor in 0.00 ms.
Initialize engine version: 2021.3.1f1 (3b70a0754835)
[Subsystems] Discovering subsystems at path D:/MIREE/unity/2021.3.1f1/Editor/Data/Resources/UnitySubsystems
[Subsystems] Discovering subsystems at path D:/MIREE/Dev/FA 2022 Finals/FA22_Finals/FA22_Finals/Assets
GfxDevice: creating device client; threaded=0; jobified=0
Direct3D:
    Version:  Direct3D 11.0 [level 11.1]
    Renderer: NVIDIA GeForce GTX 1660 SUPER (ID=0x21c4)
    Vendor:   NVIDIA
    VRAM:     5992 MB
    Driver:   31.0.15.1694
Initialize mono
Mono path[0] = 'D:/MIREE/unity/2021.3.1f1/Editor/Data/Managed'
Mono path[1] = 'D:/MIREE/unity/2021.3.1f1/Editor/Data/MonoBleedingEdge/lib/mono/unityjit-win32'
Mono config path = 'D:/MIREE/unity/2021.3.1f1/Editor/Data/MonoBleedingEdge/etc'
Using monoOptions --debugger-agent=transport=dt_socket,embedding=1,server=y,suspend=n,address=127.0.0.1:56528
Begin MonoManager ReloadAssembly
Registering precompiled unity dll's ...
Register platform support module: D:/MIREE/unity/2021.3.1f1/Editor/Data/PlaybackEngines/WebGLSupport/UnityEditor.WebGL.Extensions.dll
Register platform support module: D:/MIREE/unity/2021.3.1f1/Editor/Data/PlaybackEngines/MacStandaloneSupport/UnityEditor.OSXStandalone.Extensions.dll
Register platform support module: D:/MIREE/unity/2021.3.1f1/Editor/Data/PlaybackEngines/AndroidPlayer/UnityEditor.Android.Extensions.dll
Register platform support module: D:/MIREE/unity/2021.3.1f1/Editor/Data/PlaybackEngines/iOSSupport/UnityEditor.iOS.Extensions.dll
Register platform support module: D:/MIREE/unity/2021.3.1f1/Editor/Data/PlaybackEngines/WindowsStandaloneSupport/UnityEditor.WindowsStandalone.Extensions.dll
Registered in 0.008199 seconds.
Native extension for WindowsStandalone target not found
[usbmuxd] Start listen thread
[usbmuxd] Listen thread started
Native extension for iOS target not found
Native extension for Android target not found
Native extension for OSXStandalone target not found
Native extension for WebGL target not found
Refreshing native plugins compatible for Editor in 98.91 ms, found 4 plugins.
Preloading 0 native plugins for Editor in 0.00 ms.
Mono: successfully reloaded assembly
- Completed reload, in  0.699 seconds
Domain Reload Profiling:
	ReloadAssembly (699ms)
		BeginReloadAssembly (88ms)
			ExecutionOrderSort (0ms)
			DisableScriptedObjects (0ms)
			BackupInstance (0ms)
			ReleaseScriptingObjects (0ms)
			CreateAndSetChildDomain (1ms)
		EndReloadAssembly (491ms)
			LoadAssemblies (89ms)
			RebuildTransferFunctionScriptingTraits (0ms)
			SetupTypeCache (107ms)
			ReleaseScriptCaches (0ms)
			RebuildScriptCaches (28ms)
			SetupLoadedEditorAssemblies (309ms)
				LogAssemblyErrors (0ms)
				InitializePlatformSupportModulesInManaged (69ms)
				SetLoadedEditorAssemblies (0ms)
				RefreshPlugins (99ms)
				BeforeProcessingInitializeOnLoad (1ms)
				ProcessInitializeOnLoadAttributes (91ms)
				ProcessInitializeOnLoadMethodAttributes (48ms)
				AfterProcessingInitializeOnLoad (0ms)
				EditorAssembliesLoaded (0ms)
			ExecutionOrderSort2 (0ms)
			AwakeInstancesAfterBackupRestoration (0ms)
Platform modules already initialized, skipping
Registering precompiled user dll's ...
Registered in 0.009067 seconds.
Begin MonoManager ReloadAssembly
Symbol file LoadedFromMemory doesn't match image D:\MIREE\Dev\FA 2022 Finals\FA22_Finals\FA22_Finals\Library\PackageCache\com.unity.visualscripting@1.7.6\Editor\VisualScripting.Core\Dependencies\YamlDotNet\Unity.VisualScripting.YamlDotNet.dll
Symbol file LoadedFromMemory is not a mono symbol file
Symbol file LoadedFromMemory doesn't match image D:\MIREE\Dev\FA 2022 Finals\FA22_Finals\FA22_Finals\Library\PackageCache\com.unity.visualscripting@1.7.6\Editor\VisualScripting.Core\Dependencies\DotNetZip\Unity.VisualScripting.IonicZip.dll
Native extension for WindowsStandalone target not found
Native extension for iOS target not found
Native extension for Android target not found
Native extension for OSXStandalone target not found
Native extension for WebGL target not found
Refreshing native plugins compatible for Editor in 93.17 ms, found 4 plugins.
Preloading 0 native plugins for Editor in 0.00 ms.
Mono: successfully reloaded assembly
- Completed reload, in  1.916 seconds
Domain Reload Profiling:
	ReloadAssembly (1917ms)
		BeginReloadAssembly (895ms)
			ExecutionOrderSort (0ms)
			DisableScriptedObjects (6ms)
			BackupInstance (0ms)
			ReleaseScriptingObjects (0ms)
			CreateAndSetChildDomain (793ms)
		EndReloadAssembly (921ms)
			LoadAssemblies (121ms)
			RebuildTransferFunctionScriptingTraits (0ms)
			SetupTypeCache (230ms)
			ReleaseScriptCaches (1ms)
			RebuildScriptCaches (65ms)
			SetupLoadedEditorAssemblies (481ms)
				LogAssemblyErrors (0ms)
				InitializePlatformSupportModulesInManaged (23ms)
				SetLoadedEditorAssemblies (0ms)
				RefreshPlugins (93ms)
				BeforeProcessingInitializeOnLoad (101ms)
				ProcessInitializeOnLoadAttributes (224ms)
				ProcessInitializeOnLoadMethodAttributes (36ms)
				AfterProcessingInitializeOnLoad (3ms)
				EditorAssembliesLoaded (0ms)
			ExecutionOrderSort2 (0ms)
			AwakeInstancesAfterBackupRestoration (11ms)
Platform modules already initialized, skipping
========================================================================
Worker process is ready to serve import requests
Launched and connected shader compiler UnityShaderCompiler.exe after 0.06 seconds
Refreshing native plugins compatible for Editor in 0.88 ms, found 4 plugins.
Preloading 0 native plugins for Editor in 0.00 ms.
Unloading 4102 Unused Serialized files (Serialized files now loaded: 0)
Unloading 47 unused Assets / (128.6 KB). Loaded Objects now: 4565.
Memory consumption went from 156.4 MB to 156.3 MB.
Total: 3.417700 ms (FindLiveObjects: 0.425200 ms CreateObjectMapping: 0.106900 ms MarkObjects: 2.773000 ms  DeleteObjects: 0.110600 ms)

AssetImportParameters requested are different than current active one (requested -> active):
  custom:video-decoder-ogg-theora: a1e56fd34408186e4bbccfd4996cb3dc -> 
  custom:container-muxer-webm: aa71ff27fc2769a1b78a27578f13a17b -> 
  custom:container-demuxer-webm: 4f35f7cbe854078d1ac9338744f61a02 -> 
  custom:video-encoder-webm-vp8: eb34c28f22e8b96e1ab97ce403110664 -> 
  custom:audio-encoder-webm-vorbis: bf7c407c2cedff20999df2af8eb42d56 -> 
  custom:framework-win-MediaFoundation: 216162199b28c13a410421893ffa2e32 -> 
  custom:container-demuxer-ogg: 62fdf1f143b41e24485cea50d1cbac27 -> 
  custom:video-decoder-webm-vp8: 9c59270c3fd7afecdb556c50c9e8de78 -> 
  custom:audio-decoder-ogg-vorbis: bf7c407c2cedff20999df2af8eb42d56 -> 
========================================================================
Received Import Request.
  Time since last request: 780378.878683 seconds.
  path: Assets/Prefabs/AstoridDebris
  artifactKey: Guid(5cc09fcc00b9bb546af4334d29174207) Importer(815301076,1909f56bfc062723c751e8b465ee728b)
Start importing Assets/Prefabs/AstoridDebris using Guid(5cc09fcc00b9bb546af4334d29174207) Importer(815301076,1909f56bfc062723c751e8b465ee728b)  -> (artifact id: '3cc20dc5d3e9c94068055a94fca7bb18') in 0.013121 seconds 
========================================================================
Received Import Request.
  Time since last request: 0.050415 seconds.
  path: Assets/Prefabs/AstoridDebris/Dust 1.prefab
  artifactKey: Guid(703d8d5b30ef1094f8fb8220f49a8541) Importer(815301076,1909f56bfc062723c751e8b465ee728b)
Start importing Assets/Prefabs/AstoridDebris/Dust 1.prefab using Guid(703d8d5b30ef1094f8fb8220f49a8541) Importer(815301076,1909f56bfc062723c751e8b465ee728b)  -> (artifact id: '46b06ff4f913e105a78d68b66db7adde') in 0.122702 seconds 
========================================================================
Received Import Request.
  Time since last request: 20.494515 seconds.
  path: Assets/Prefabs/Asteroids/Asteroid.prefab
  artifactKey: Guid(c92549715dda85d43b49aaff2f2cc51c) Importer(815301076,1909f56bfc062723c751e8b465ee728b)
Start importing Assets/Prefabs/Asteroids/Asteroid.prefab using Guid(c92549715dda85d43b49aaff2f2cc51c) Importer(815301076,1909f56bfc062723c751e8b465ee728b)  -> (artifact id: 'b2282ef162224169cf1963b5a2bfee5b') in 0.021587 seconds 
========================================================================
Received Import Request.
  Time since last request: 6.295985 seconds.
  path: Assets/Prefabs/Planets/Planet Variant.prefab
  artifactKey: Guid(40cfee553edd5b54eb77fef4b414c8c4) Importer(815301076,1909f56bfc062723c751e8b465ee728b)
Start importing Assets/Prefabs/Planets/Planet Variant.prefab using Guid(40cfee553edd5b54eb77fef4b414c8c4) Importer(815301076,1909f56bfc062723c751e8b465ee728b)  -> (artifact id: '43f21616177d9bff2d8332c0acac52a2') in 0.030498 seconds 
========================================================================
Received Import Request.
  Time since last request: 36.666506 seconds.
  path: Assets/Prefabs/Planets/Planet Variant.prefab
  artifactKey: Guid(40cfee553edd5b54eb77fef4b414c8c4) Importer(815301076,1909f56bfc062723c751e8b465ee728b)
Start importing Assets/Prefabs/Planets/Planet Variant.prefab using Guid(40cfee553edd5b54eb77fef4b414c8c4) Importer(815301076,1909f56bfc062723c751e8b465ee728b)  -> (artifact id: '9210428369041cfe2bdb290ce248c8db') in 0.020291 seconds 
========================================================================
Received Import Request.
  Time since last request: 43.250055 seconds.
  path: Assets/Sprites/Planet
  artifactKey: Guid(c25b71994a5122e4eaf9c27bba6699a7) Importer(815301076,1909f56bfc062723c751e8b465ee728b)
Start importing Assets/Sprites/Planet using Guid(c25b71994a5122e4eaf9c27bba6699a7) Importer(815301076,1909f56bfc062723c751e8b465ee728b)  -> (artifact id: '6c3bc2db7340b50dd3d1fd72ccca045d') in 0.002521 seconds 
========================================================================
Received Import Request.
  Time since last request: 0.070074 seconds.
  path: Assets/Sprites/Planet/innerRing.png
  artifactKey: Guid(7ce27be340a5338458ff505920ada874) Importer(815301076,1909f56bfc062723c751e8b465ee728b)
Start importing Assets/Sprites/Planet/innerRing.png using Guid(7ce27be340a5338458ff505920ada874) Importer(815301076,1909f56bfc062723c751e8b465ee728b)  -> (artifact id: '6e18ba521206aa286987cb76cbcd3add') in 0.135912 seconds 
========================================================================
Received Import Request.
  Time since last request: 28.552812 seconds.
  path: Assets/Sprites/Planet/outerRing 1.png
  artifactKey: Guid(3846ee8b6432bcc478415de8e167e166) Importer(815301076,1909f56bfc062723c751e8b465ee728b)
Start importing Assets/Sprites/Planet/outerRing 1.png using Guid(3846ee8b6432bcc478415de8e167e166) Importer(815301076,1909f56bfc062723c751e8b465ee728b)  -> (artifact id: 'f48ff1089dd89fa0c3a70a04fbc25310') in 0.133042 seconds 
========================================================================
Received Import Request.
  Time since last request: 0.000025 seconds.
  path: Assets/Sprites/Planet/outerRing4.png
  artifactKey: Guid(648b6300e34f762428fca97414d8176c) Importer(815301076,1909f56bfc062723c751e8b465ee728b)
Start importing Assets/Sprites/Planet/outerRing4.png using Guid(648b6300e34f762428fca97414d8176c) Importer(815301076,1909f56bfc062723c751e8b465ee728b)  -> (artifact id: '0bd7b76ce17d35bc676f7ea49ae18b01') in 0.130210 seconds 
========================================================================
Received Import Request.
  Time since last request: 0.000031 seconds.
  path: Assets/Sprites/Planet/outerRing2.png
  artifactKey: Guid(28cf0e16cf5135246a58b1ee9c60378d) Importer(815301076,1909f56bfc062723c751e8b465ee728b)
Start importing Assets/Sprites/Planet/outerRing2.png using Guid(28cf0e16cf5135246a58b1ee9c60378d) Importer(815301076,1909f56bfc062723c751e8b465ee728b)  -> (artifact id: '543a26383c0a851985e8eb693158107b') in 0.175552 seconds 
Editor requested this worker to shutdown with reason: Scaling down because of idle timeout
AssetImportWorker is now disconnected from the server
Process exiting
Exiting without the bug reporter. Application will terminate with return code 0