Using pre-set license
Built from '2021.3/staging' branch; Version is '2021.3.1f1 (3b70a0754835) revision 3895456'; Using compiler version '192829333'; Build Type 'Release'
OS: 'Windows 10  (10.0.19044) 64bit Professional' Language: 'ko' Physical Memory: 65485 MB
BatchMode: 1, IsHumanControllingUs: 0, StartBugReporterOnCrash: 0, Is64bit: 1, IsPro: 1

COMMAND LINE ARGUMENTS:
D:\MIREE\unity\2021.3.1f1\Editor\Unity.exe
-adb2
-batchMode
-noUpm
-name
AssetImportWorker7
-projectPath
D:/MIREE/Dev/FA 2022 Finals/FA22_Finals/FA22_Finals
-logFile
Logs/AssetImportWorker7.log
-srvPort
50895
Successfully changed project path to: D:/MIREE/Dev/FA 2022 Finals/FA22_Finals/FA22_Finals
D:/MIREE/Dev/FA 2022 Finals/FA22_Finals/FA22_Finals
[UnityMemory] Configuration Parameters - Can be set up in boot.config
    "memorysetup-bucket-allocator-granularity=16"
    "memorysetup-bucket-allocator-bucket-count=8"
    "memorysetup-bucket-allocator-block-size=33554432"
    "memorysetup-bucket-allocator-block-count=8"
    "memorysetup-main-allocator-block-size=16777216"
    "memorysetup-thread-allocator-block-size=16777216"
    "memorysetup-gfx-main-allocator-block-size=16777216"
    "memorysetup-gfx-thread-allocator-block-size=16777216"
    "memorysetup-cache-allocator-block-size=4194304"
    "memorysetup-typetree-allocator-block-size=2097152"
    "memorysetup-profiler-bucket-allocator-granularity=16"
    "memorysetup-profiler-bucket-allocator-bucket-count=8"
    "memorysetup-profiler-bucket-allocator-block-size=33554432"
    "memorysetup-profiler-bucket-allocator-block-count=8"
    "memorysetup-profiler-allocator-block-size=16777216"
    "memorysetup-profiler-editor-allocator-block-size=1048576"
    "memorysetup-temp-allocator-size-main=16777216"
    "memorysetup-job-temp-allocator-block-size=2097152"
    "memorysetup-job-temp-allocator-block-size-background=1048576"
    "memorysetup-job-temp-allocator-reduction-small-platforms=262144"
    "memorysetup-temp-allocator-size-background-worker=32768"
    "memorysetup-temp-allocator-size-job-worker=262144"
    "memorysetup-temp-allocator-size-preload-manager=33554432"
    "memorysetup-temp-allocator-size-nav-mesh-worker=65536"
    "memorysetup-temp-allocator-size-audio-worker=65536"
    "memorysetup-temp-allocator-size-cloud-worker=32768"
    "memorysetup-temp-allocator-size-gi-baking-worker=262144"
    "memorysetup-temp-allocator-size-gfx=262144"
Refreshing native plugins compatible for Editor in 113.27 ms, found 4 plugins.
Preloading 0 native plugins for Editor in 0.00 ms.
Initialize engine version: 2021.3.1f1 (3b70a0754835)
[Subsystems] Discovering subsystems at path D:/MIREE/unity/2021.3.1f1/Editor/Data/Resources/UnitySubsystems
[Subsystems] Discovering subsystems at path D:/MIREE/Dev/FA 2022 Finals/FA22_Finals/FA22_Finals/Assets
GfxDevice: creating device client; threaded=0; jobified=0
Direct3D:
    Version:  Direct3D 11.0 [level 11.1]
    Renderer: NVIDIA GeForce GTX 1660 SUPER (ID=0x21c4)
    Vendor:   NVIDIA
    VRAM:     5992 MB
    Driver:   31.0.15.1694
Initialize mono
Mono path[0] = 'D:/MIREE/unity/2021.3.1f1/Editor/Data/Managed'
Mono path[1] = 'D:/MIREE/unity/2021.3.1f1/Editor/Data/MonoBleedingEdge/lib/mono/unityjit-win32'
Mono config path = 'D:/MIREE/unity/2021.3.1f1/Editor/Data/MonoBleedingEdge/etc'
Using monoOptions --debugger-agent=transport=dt_socket,embedding=1,server=y,suspend=n,address=127.0.0.1:56704
Begin MonoManager ReloadAssembly
Registering precompiled unity dll's ...
Register platform support module: D:/MIREE/unity/2021.3.1f1/Editor/Data/PlaybackEngines/WebGLSupport/UnityEditor.WebGL.Extensions.dll
Register platform support module: D:/MIREE/unity/2021.3.1f1/Editor/Data/PlaybackEngines/MacStandaloneSupport/UnityEditor.OSXStandalone.Extensions.dll
Register platform support module: D:/MIREE/unity/2021.3.1f1/Editor/Data/PlaybackEngines/AndroidPlayer/UnityEditor.Android.Extensions.dll
Register platform support module: D:/MIREE/unity/2021.3.1f1/Editor/Data/PlaybackEngines/iOSSupport/UnityEditor.iOS.Extensions.dll
Register platform support module: D:/MIREE/unity/2021.3.1f1/Editor/Data/PlaybackEngines/WindowsStandaloneSupport/UnityEditor.WindowsStandalone.Extensions.dll
Registered in 0.006649 seconds.
Native extension for WindowsStandalone target not found
[usbmuxd] Start listen thread
[usbmuxd] Listen thread started
Native extension for iOS target not found
Native extension for Android target not found
Native extension for OSXStandalone target not found
Native extension for WebGL target not found
Refreshing native plugins compatible for Editor in 86.82 ms, found 4 plugins.
Preloading 0 native plugins for Editor in 0.00 ms.
Mono: successfully reloaded assembly
- Completed reload, in  0.710 seconds
Domain Reload Profiling:
	ReloadAssembly (711ms)
		BeginReloadAssembly (89ms)
			ExecutionOrderSort (0ms)
			DisableScriptedObjects (0ms)
			BackupInstance (0ms)
			ReleaseScriptingObjects (0ms)
			CreateAndSetChildDomain (1ms)
		EndReloadAssembly (508ms)
			LoadAssemblies (91ms)
			RebuildTransferFunctionScriptingTraits (0ms)
			SetupTypeCache (124ms)
			ReleaseScriptCaches (0ms)
			RebuildScriptCaches (35ms)
			SetupLoadedEditorAssemblies (294ms)
				LogAssemblyErrors (0ms)
				InitializePlatformSupportModulesInManaged (68ms)
				SetLoadedEditorAssemblies (0ms)
				RefreshPlugins (87ms)
				BeforeProcessingInitializeOnLoad (1ms)
				ProcessInitializeOnLoadAttributes (92ms)
				ProcessInitializeOnLoadMethodAttributes (46ms)
				AfterProcessingInitializeOnLoad (0ms)
				EditorAssembliesLoaded (0ms)
			ExecutionOrderSort2 (0ms)
			AwakeInstancesAfterBackupRestoration (0ms)
Platform modules already initialized, skipping
Registering precompiled user dll's ...
Registered in 0.007805 seconds.
Begin MonoManager ReloadAssembly
Symbol file LoadedFromMemory doesn't match image D:\MIREE\Dev\FA 2022 Finals\FA22_Finals\FA22_Finals\Library\PackageCache\com.unity.visualscripting@1.7.6\Editor\VisualScripting.Core\Dependencies\YamlDotNet\Unity.VisualScripting.YamlDotNet.dll
Symbol file LoadedFromMemory is not a mono symbol file
Symbol file LoadedFromMemory doesn't match image D:\MIREE\Dev\FA 2022 Finals\FA22_Finals\FA22_Finals\Library\PackageCache\com.unity.visualscripting@1.7.6\Editor\VisualScripting.Core\Dependencies\DotNetZip\Unity.VisualScripting.IonicZip.dll
Native extension for WindowsStandalone target not found
Native extension for iOS target not found
Native extension for Android target not found
Native extension for OSXStandalone target not found
Native extension for WebGL target not found
Refreshing native plugins compatible for Editor in 85.11 ms, found 4 plugins.
Preloading 0 native plugins for Editor in 0.00 ms.
Mono: successfully reloaded assembly
- Completed reload, in  1.901 seconds
Domain Reload Profiling:
	ReloadAssembly (1902ms)
		BeginReloadAssembly (886ms)
			ExecutionOrderSort (0ms)
			DisableScriptedObjects (5ms)
			BackupInstance (0ms)
			ReleaseScriptingObjects (0ms)
			CreateAndSetChildDomain (781ms)
		EndReloadAssembly (912ms)
			LoadAssemblies (124ms)
			RebuildTransferFunctionScriptingTraits (0ms)
			SetupTypeCache (217ms)
			ReleaseScriptCaches (1ms)
			RebuildScriptCaches (65ms)
			SetupLoadedEditorAssemblies (482ms)
				LogAssemblyErrors (0ms)
				InitializePlatformSupportModulesInManaged (24ms)
				SetLoadedEditorAssemblies (0ms)
				RefreshPlugins (85ms)
				BeforeProcessingInitializeOnLoad (99ms)
				ProcessInitializeOnLoadAttributes (235ms)
				ProcessInitializeOnLoadMethodAttributes (35ms)
				AfterProcessingInitializeOnLoad (4ms)
				EditorAssembliesLoaded (0ms)
			ExecutionOrderSort2 (0ms)
			AwakeInstancesAfterBackupRestoration (11ms)
Platform modules already initialized, skipping
========================================================================
Worker process is ready to serve import requests
Launched and connected shader compiler UnityShaderCompiler.exe after 0.05 seconds
Refreshing native plugins compatible for Editor in 0.84 ms, found 4 plugins.
Preloading 0 native plugins for Editor in 0.00 ms.
Unloading 4102 Unused Serialized files (Serialized files now loaded: 0)
Unloading 47 unused Assets / (128.6 KB). Loaded Objects now: 4566.
Memory consumption went from 156.5 MB to 156.4 MB.
Total: 3.827100 ms (FindLiveObjects: 0.757000 ms CreateObjectMapping: 0.136400 ms MarkObjects: 2.813000 ms  DeleteObjects: 0.119100 ms)

AssetImportParameters requested are different than current active one (requested -> active):
  custom:video-decoder-ogg-theora: a1e56fd34408186e4bbccfd4996cb3dc -> 
  custom:container-muxer-webm: aa71ff27fc2769a1b78a27578f13a17b -> 
  custom:container-demuxer-webm: 4f35f7cbe854078d1ac9338744f61a02 -> 
  custom:video-encoder-webm-vp8: eb34c28f22e8b96e1ab97ce403110664 -> 
  custom:audio-encoder-webm-vorbis: bf7c407c2cedff20999df2af8eb42d56 -> 
  custom:framework-win-MediaFoundation: 216162199b28c13a410421893ffa2e32 -> 
  custom:container-demuxer-ogg: 62fdf1f143b41e24485cea50d1cbac27 -> 
  custom:video-decoder-webm-vp8: 9c59270c3fd7afecdb556c50c9e8de78 -> 
  custom:audio-decoder-ogg-vorbis: bf7c407c2cedff20999df2af8eb42d56 -> 
========================================================================
Received Prepare
Registering precompiled user dll's ...
Registered in 0.007874 seconds.
Begin MonoManager ReloadAssembly
Symbol file LoadedFromMemory doesn't match image D:\MIREE\Dev\FA 2022 Finals\FA22_Finals\FA22_Finals\Library\PackageCache\com.unity.visualscripting@1.7.6\Editor\VisualScripting.Core\Dependencies\YamlDotNet\Unity.VisualScripting.YamlDotNet.dll
Symbol file LoadedFromMemory is not a mono symbol file
Symbol file LoadedFromMemory doesn't match image D:\MIREE\Dev\FA 2022 Finals\FA22_Finals\FA22_Finals\Library\PackageCache\com.unity.visualscripting@1.7.6\Editor\VisualScripting.Core\Dependencies\DotNetZip\Unity.VisualScripting.IonicZip.dll
Native extension for WindowsStandalone target not found
Native extension for iOS target not found
Native extension for Android target not found
Native extension for OSXStandalone target not found
Native extension for WebGL target not found
Refreshing native plugins compatible for Editor in 0.99 ms, found 4 plugins.
Preloading 0 native plugins for Editor in 0.00 ms.
Mono: successfully reloaded assembly
- Completed reload, in  1.148 seconds
Domain Reload Profiling:
	ReloadAssembly (1149ms)
		BeginReloadAssembly (168ms)
			ExecutionOrderSort (0ms)
			DisableScriptedObjects (6ms)
			BackupInstance (0ms)
			ReleaseScriptingObjects (0ms)
			CreateAndSetChildDomain (44ms)
		EndReloadAssembly (886ms)
			LoadAssemblies (153ms)
			RebuildTransferFunctionScriptingTraits (0ms)
			SetupTypeCache (260ms)
			ReleaseScriptCaches (2ms)
			RebuildScriptCaches (60ms)
			SetupLoadedEditorAssemblies (390ms)
				LogAssemblyErrors (0ms)
				InitializePlatformSupportModulesInManaged (33ms)
				SetLoadedEditorAssemblies (0ms)
				RefreshPlugins (1ms)
				BeforeProcessingInitializeOnLoad (81ms)
				ProcessInitializeOnLoadAttributes (236ms)
				ProcessInitializeOnLoadMethodAttributes (33ms)
				AfterProcessingInitializeOnLoad (5ms)
				EditorAssembliesLoaded (0ms)
			ExecutionOrderSort2 (0ms)
			AwakeInstancesAfterBackupRestoration (18ms)
Platform modules already initialized, skipping
Refreshing native plugins compatible for Editor in 3.83 ms, found 4 plugins.
Preloading 0 native plugins for Editor in 0.00 ms.
Unloading 4078 Unused Serialized files (Serialized files now loaded: 0)
Unloading 22 unused Assets / (95.3 KB). Loaded Objects now: 4581.
Memory consumption went from 154.5 MB to 154.4 MB.
Total: 3.375400 ms (FindLiveObjects: 0.410300 ms CreateObjectMapping: 0.102300 ms MarkObjects: 2.814100 ms  DeleteObjects: 0.047400 ms)

AssetImportParameters requested are different than current active one (requested -> active):
  custom:video-decoder-ogg-theora: a1e56fd34408186e4bbccfd4996cb3dc -> 
  custom:container-muxer-webm: aa71ff27fc2769a1b78a27578f13a17b -> 
  custom:container-demuxer-webm: 4f35f7cbe854078d1ac9338744f61a02 -> 
  custom:video-encoder-webm-vp8: eb34c28f22e8b96e1ab97ce403110664 -> 
  custom:audio-encoder-webm-vorbis: bf7c407c2cedff20999df2af8eb42d56 -> 
  custom:framework-win-MediaFoundation: 216162199b28c13a410421893ffa2e32 -> 
  custom:container-demuxer-ogg: 62fdf1f143b41e24485cea50d1cbac27 -> 
  custom:video-decoder-webm-vp8: 9c59270c3fd7afecdb556c50c9e8de78 -> 
  custom:audio-decoder-ogg-vorbis: bf7c407c2cedff20999df2af8eb42d56 -> 
========================================================================
Received Prepare
Registering precompiled user dll's ...
Registered in 0.007702 seconds.
Begin MonoManager ReloadAssembly
Symbol file LoadedFromMemory doesn't match image D:\MIREE\Dev\FA 2022 Finals\FA22_Finals\FA22_Finals\Library\PackageCache\com.unity.visualscripting@1.7.6\Editor\VisualScripting.Core\Dependencies\YamlDotNet\Unity.VisualScripting.YamlDotNet.dll
Symbol file LoadedFromMemory is not a mono symbol file
Symbol file LoadedFromMemory doesn't match image D:\MIREE\Dev\FA 2022 Finals\FA22_Finals\FA22_Finals\Library\PackageCache\com.unity.visualscripting@1.7.6\Editor\VisualScripting.Core\Dependencies\DotNetZip\Unity.VisualScripting.IonicZip.dll
Native extension for WindowsStandalone target not found
Native extension for iOS target not found
Native extension for Android target not found
Native extension for OSXStandalone target not found
Native extension for WebGL target not found
Refreshing native plugins compatible for Editor in 0.87 ms, found 4 plugins.
Preloading 0 native plugins for Editor in 0.00 ms.
Mono: successfully reloaded assembly
- Completed reload, in  1.059 seconds
Domain Reload Profiling:
	ReloadAssembly (1060ms)
		BeginReloadAssembly (150ms)
			ExecutionOrderSort (0ms)
			DisableScriptedObjects (6ms)
			BackupInstance (0ms)
			ReleaseScriptingObjects (0ms)
			CreateAndSetChildDomain (39ms)
		EndReloadAssembly (821ms)
			LoadAssemblies (131ms)
			RebuildTransferFunctionScriptingTraits (0ms)
			SetupTypeCache (233ms)
			ReleaseScriptCaches (2ms)
			RebuildScriptCaches (56ms)
			SetupLoadedEditorAssemblies (378ms)
				LogAssemblyErrors (0ms)
				InitializePlatformSupportModulesInManaged (33ms)
				SetLoadedEditorAssemblies (0ms)
				RefreshPlugins (1ms)
				BeforeProcessingInitializeOnLoad (79ms)
				ProcessInitializeOnLoadAttributes (228ms)
				ProcessInitializeOnLoadMethodAttributes (32ms)
				AfterProcessingInitializeOnLoad (4ms)
				EditorAssembliesLoaded (0ms)
			ExecutionOrderSort2 (0ms)
			AwakeInstancesAfterBackupRestoration (14ms)
Platform modules already initialized, skipping
Refreshing native plugins compatible for Editor in 2.78 ms, found 4 plugins.
Preloading 0 native plugins for Editor in 0.00 ms.
Unloading 4078 Unused Serialized files (Serialized files now loaded: 0)
Unloading 22 unused Assets / (95.4 KB). Loaded Objects now: 4596.
Memory consumption went from 154.5 MB to 154.4 MB.
Total: 3.589900 ms (FindLiveObjects: 0.415800 ms CreateObjectMapping: 0.099900 ms MarkObjects: 3.024400 ms  DeleteObjects: 0.047900 ms)

AssetImportParameters requested are different than current active one (requested -> active):
  custom:video-decoder-ogg-theora: a1e56fd34408186e4bbccfd4996cb3dc -> 
  custom:container-muxer-webm: aa71ff27fc2769a1b78a27578f13a17b -> 
  custom:container-demuxer-webm: 4f35f7cbe854078d1ac9338744f61a02 -> 
  custom:video-encoder-webm-vp8: eb34c28f22e8b96e1ab97ce403110664 -> 
  custom:audio-encoder-webm-vorbis: bf7c407c2cedff20999df2af8eb42d56 -> 
  custom:framework-win-MediaFoundation: 216162199b28c13a410421893ffa2e32 -> 
  custom:container-demuxer-ogg: 62fdf1f143b41e24485cea50d1cbac27 -> 
  custom:video-decoder-webm-vp8: 9c59270c3fd7afecdb556c50c9e8de78 -> 
  custom:audio-decoder-ogg-vorbis: bf7c407c2cedff20999df2af8eb42d56 -> 
========================================================================
Received Prepare
Registering precompiled user dll's ...
Registered in 0.008562 seconds.
Begin MonoManager ReloadAssembly
Symbol file LoadedFromMemory doesn't match image D:\MIREE\Dev\FA 2022 Finals\FA22_Finals\FA22_Finals\Library\PackageCache\com.unity.visualscripting@1.7.6\Editor\VisualScripting.Core\Dependencies\YamlDotNet\Unity.VisualScripting.YamlDotNet.dll
Symbol file LoadedFromMemory is not a mono symbol file
Symbol file LoadedFromMemory doesn't match image D:\MIREE\Dev\FA 2022 Finals\FA22_Finals\FA22_Finals\Library\PackageCache\com.unity.visualscripting@1.7.6\Editor\VisualScripting.Core\Dependencies\DotNetZip\Unity.VisualScripting.IonicZip.dll
Native extension for WindowsStandalone target not found
Native extension for iOS target not found
Native extension for Android target not found
Native extension for OSXStandalone target not found
Native extension for WebGL target not found
Refreshing native plugins compatible for Editor in 0.92 ms, found 4 plugins.
Preloading 0 native plugins for Editor in 0.00 ms.
Mono: successfully reloaded assembly
- Completed reload, in  1.069 seconds
Domain Reload Profiling:
	ReloadAssembly (1070ms)
		BeginReloadAssembly (153ms)
			ExecutionOrderSort (0ms)
			DisableScriptedObjects (6ms)
			BackupInstance (0ms)
			ReleaseScriptingObjects (0ms)
			CreateAndSetChildDomain (40ms)
		EndReloadAssembly (824ms)
			LoadAssemblies (131ms)
			RebuildTransferFunctionScriptingTraits (0ms)
			SetupTypeCache (238ms)
			ReleaseScriptCaches (2ms)
			RebuildScriptCaches (56ms)
			SetupLoadedEditorAssemblies (370ms)
				LogAssemblyErrors (0ms)
				InitializePlatformSupportModulesInManaged (32ms)
				SetLoadedEditorAssemblies (0ms)
				RefreshPlugins (1ms)
				BeforeProcessingInitializeOnLoad (77ms)
				ProcessInitializeOnLoadAttributes (223ms)
				ProcessInitializeOnLoadMethodAttributes (32ms)
				AfterProcessingInitializeOnLoad (4ms)
				EditorAssembliesLoaded (0ms)
			ExecutionOrderSort2 (0ms)
			AwakeInstancesAfterBackupRestoration (17ms)
Platform modules already initialized, skipping
Refreshing native plugins compatible for Editor in 3.04 ms, found 4 plugins.
Preloading 0 native plugins for Editor in 0.00 ms.
Unloading 4078 Unused Serialized files (Serialized files now loaded: 0)
Unloading 22 unused Assets / (95.4 KB). Loaded Objects now: 4611.
Memory consumption went from 154.5 MB to 154.4 MB.
Total: 3.567800 ms (FindLiveObjects: 0.524400 ms CreateObjectMapping: 0.125200 ms MarkObjects: 2.869700 ms  DeleteObjects: 0.047100 ms)

AssetImportParameters requested are different than current active one (requested -> active):
  custom:video-decoder-ogg-theora: a1e56fd34408186e4bbccfd4996cb3dc -> 
  custom:container-muxer-webm: aa71ff27fc2769a1b78a27578f13a17b -> 
  custom:container-demuxer-webm: 4f35f7cbe854078d1ac9338744f61a02 -> 
  custom:video-encoder-webm-vp8: eb34c28f22e8b96e1ab97ce403110664 -> 
  custom:audio-encoder-webm-vorbis: bf7c407c2cedff20999df2af8eb42d56 -> 
  custom:framework-win-MediaFoundation: 216162199b28c13a410421893ffa2e32 -> 
  custom:container-demuxer-ogg: 62fdf1f143b41e24485cea50d1cbac27 -> 
  custom:video-decoder-webm-vp8: 9c59270c3fd7afecdb556c50c9e8de78 -> 
  custom:audio-decoder-ogg-vorbis: bf7c407c2cedff20999df2af8eb42d56 -> 
========================================================================
Received Import Request.
  Time since last request: 785022.284137 seconds.
  path: Assets/Prefabs/Planets/Planet3.prefab
  artifactKey: Guid(0611d9b85add3154d9f18781cee3bd38) Importer(815301076,1909f56bfc062723c751e8b465ee728b)
Start importing Assets/Prefabs/Planets/Planet3.prefab using Guid(0611d9b85add3154d9f18781cee3bd38) Importer(815301076,1909f56bfc062723c751e8b465ee728b)  -> (artifact id: '561676a7aed40fc9a9da9294b6599f67') in 0.153106 seconds 
========================================================================
Received Import Request.
  Time since last request: 170.981092 seconds.
  path: Assets/Prefabs/Planets/Planet3.prefab
  artifactKey: Guid(0611d9b85add3154d9f18781cee3bd38) Importer(815301076,1909f56bfc062723c751e8b465ee728b)
Start importing Assets/Prefabs/Planets/Planet3.prefab using Guid(0611d9b85add3154d9f18781cee3bd38) Importer(815301076,1909f56bfc062723c751e8b465ee728b)  -> (artifact id: 'bd90e900ac00dfa33f9b1beb31f370dc') in 0.031995 seconds 
========================================================================
Received Import Request.
  Time since last request: 5.366689 seconds.
  path: Assets/Prefabs/Planets/Planet5.prefab
  artifactKey: Guid(db0dc7b348cd48b46b41a118ee57f405) Importer(815301076,1909f56bfc062723c751e8b465ee728b)
Start importing Assets/Prefabs/Planets/Planet5.prefab using Guid(db0dc7b348cd48b46b41a118ee57f405) Importer(815301076,1909f56bfc062723c751e8b465ee728b)  -> (artifact id: 'ffaa6539444d6a3ee314b51253a2d620') in 0.035779 seconds 
========================================================================
Received Import Request.
  Time since last request: 3.482718 seconds.
  path: Assets/Prefabs/Planets/Planet1.prefab
  artifactKey: Guid(26d56d92e586aed459b88ee3b7f54ace) Importer(815301076,1909f56bfc062723c751e8b465ee728b)
Start importing Assets/Prefabs/Planets/Planet1.prefab using Guid(26d56d92e586aed459b88ee3b7f54ace) Importer(815301076,1909f56bfc062723c751e8b465ee728b)  -> (artifact id: 'a3d07191ea82e9d6774d42cb8cd8fc2c') in 0.028821 seconds 
========================================================================
Received Import Request.
  Time since last request: 0.000026 seconds.
  path: Assets/Prefabs/Planets/Planet2.prefab
  artifactKey: Guid(40cfee553edd5b54eb77fef4b414c8c4) Importer(815301076,1909f56bfc062723c751e8b465ee728b)
Start importing Assets/Prefabs/Planets/Planet2.prefab using Guid(40cfee553edd5b54eb77fef4b414c8c4) Importer(815301076,1909f56bfc062723c751e8b465ee728b)  -> (artifact id: '78cee1b45aabfd49457fbf43f2eb7b88') in 0.022061 seconds 
========================================================================
Received Import Request.
  Time since last request: 0.000033 seconds.
  path: Assets/Prefabs/Planets/Planet4.prefab
  artifactKey: Guid(56910a69932eac64cabb6fbeb2a38627) Importer(815301076,1909f56bfc062723c751e8b465ee728b)
Start importing Assets/Prefabs/Planets/Planet4.prefab using Guid(56910a69932eac64cabb6fbeb2a38627) Importer(815301076,1909f56bfc062723c751e8b465ee728b)  -> (artifact id: '2c9a3c1ba125e71cd688947bb9732dd3') in 0.039206 seconds 
========================================================================
Received Import Request.
  Time since last request: 26.730724 seconds.
  path: Assets/Prefabs/Planets/Planet2.prefab
  artifactKey: Guid(40cfee553edd5b54eb77fef4b414c8c4) Importer(815301076,1909f56bfc062723c751e8b465ee728b)
Start importing Assets/Prefabs/Planets/Planet2.prefab using Guid(40cfee553edd5b54eb77fef4b414c8c4) Importer(815301076,1909f56bfc062723c751e8b465ee728b)  -> (artifact id: '2af4a9a5b5c5e7dbe92fa97da0bf1ebd') in 0.029264 seconds 
========================================================================
Received Import Request.
  Time since last request: 0.000017 seconds.
  path: Assets/Prefabs/Planets/Planet4.prefab
  artifactKey: Guid(56910a69932eac64cabb6fbeb2a38627) Importer(815301076,1909f56bfc062723c751e8b465ee728b)
Start importing Assets/Prefabs/Planets/Planet4.prefab using Guid(56910a69932eac64cabb6fbeb2a38627) Importer(815301076,1909f56bfc062723c751e8b465ee728b)  -> (artifact id: 'db6a5db9deea196349385b1aa405459b') in 0.026101 seconds 
========================================================================
Received Import Request.
  Time since last request: 0.000023 seconds.
  path: Assets/Prefabs/Planets/Planet5.prefab
  artifactKey: Guid(db0dc7b348cd48b46b41a118ee57f405) Importer(815301076,1909f56bfc062723c751e8b465ee728b)
Start importing Assets/Prefabs/Planets/Planet5.prefab using Guid(db0dc7b348cd48b46b41a118ee57f405) Importer(815301076,1909f56bfc062723c751e8b465ee728b)  -> (artifact id: '816e8c227a09f38a4135baced816fb44') in 0.020784 seconds 
========================================================================
Received Import Request.
  Time since last request: 45.818246 seconds.
  path: Assets/Prefabs/Planets/Planet4.prefab
  artifactKey: Guid(56910a69932eac64cabb6fbeb2a38627) Importer(815301076,1909f56bfc062723c751e8b465ee728b)
Start importing Assets/Prefabs/Planets/Planet4.prefab using Guid(56910a69932eac64cabb6fbeb2a38627) Importer(815301076,1909f56bfc062723c751e8b465ee728b)  -> (artifact id: 'e168da5c4bbcfc42efe7e78b4a79d592') in 0.030037 seconds 
========================================================================
Received Import Request.
  Time since last request: 7.021837 seconds.
  path: Assets/Prefabs/Planets/Planet4.prefab
  artifactKey: Guid(56910a69932eac64cabb6fbeb2a38627) Importer(815301076,1909f56bfc062723c751e8b465ee728b)
Start importing Assets/Prefabs/Planets/Planet4.prefab using Guid(56910a69932eac64cabb6fbeb2a38627) Importer(815301076,1909f56bfc062723c751e8b465ee728b)  -> (artifact id: 'de8695b4878cb49e04fb0787bace789d') in 0.037068 seconds 
========================================================================
Received Import Request.
  Time since last request: 121.205602 seconds.
  path: Assets/Prefabs/Planets/Planet5.prefab
  artifactKey: Guid(db0dc7b348cd48b46b41a118ee57f405) Importer(815301076,1909f56bfc062723c751e8b465ee728b)
Start importing Assets/Prefabs/Planets/Planet5.prefab using Guid(db0dc7b348cd48b46b41a118ee57f405) Importer(815301076,1909f56bfc062723c751e8b465ee728b)  -> (artifact id: '76e9ef0b62b7b5633451552eefa88112') in 0.030566 seconds 
========================================================================
Received Import Request.
  Time since last request: 1.152198 seconds.
  path: Assets/Prefabs/Planets/Planet5.prefab
  artifactKey: Guid(db0dc7b348cd48b46b41a118ee57f405) Importer(815301076,1909f56bfc062723c751e8b465ee728b)
Start importing Assets/Prefabs/Planets/Planet5.prefab using Guid(db0dc7b348cd48b46b41a118ee57f405) Importer(815301076,1909f56bfc062723c751e8b465ee728b)  -> (artifact id: '43b0bf40ca8aa660aef0bbc96ed1f3c2') in 0.029933 seconds 
========================================================================
Received Import Request.
  Time since last request: 11.568581 seconds.
  path: Assets/Prefabs/Planets/Planet3.prefab
  artifactKey: Guid(0611d9b85add3154d9f18781cee3bd38) Importer(815301076,1909f56bfc062723c751e8b465ee728b)
Start importing Assets/Prefabs/Planets/Planet3.prefab using Guid(0611d9b85add3154d9f18781cee3bd38) Importer(815301076,1909f56bfc062723c751e8b465ee728b)  -> (artifact id: '4f1ae792ee65e121e0821b32be6c253c') in 0.034123 seconds 
========================================================================
Received Import Request.
  Time since last request: 5.561948 seconds.
  path: Assets/Prefabs/Planets/Planet3.prefab
  artifactKey: Guid(0611d9b85add3154d9f18781cee3bd38) Importer(815301076,1909f56bfc062723c751e8b465ee728b)
Start importing Assets/Prefabs/Planets/Planet3.prefab using Guid(0611d9b85add3154d9f18781cee3bd38) Importer(815301076,1909f56bfc062723c751e8b465ee728b)  -> (artifact id: 'fbcb60e8912dcaec9d3958183779579d') in 0.020069 seconds 
========================================================================
Received Import Request.
  Time since last request: 14.635251 seconds.
  path: Assets/Prefabs/Planets/Planet3.prefab
  artifactKey: Guid(0611d9b85add3154d9f18781cee3bd38) Importer(815301076,1909f56bfc062723c751e8b465ee728b)
Start importing Assets/Prefabs/Planets/Planet3.prefab using Guid(0611d9b85add3154d9f18781cee3bd38) Importer(815301076,1909f56bfc062723c751e8b465ee728b)  -> (artifact id: '6fe7fc9e4f9654346670b9079eb77b72') in 0.032380 seconds 
========================================================================
Received Import Request.
  Time since last request: 7.908429 seconds.
  path: Assets/Prefabs/Planets/Planet3.prefab
  artifactKey: Guid(0611d9b85add3154d9f18781cee3bd38) Importer(815301076,1909f56bfc062723c751e8b465ee728b)
Start importing Assets/Prefabs/Planets/Planet3.prefab using Guid(0611d9b85add3154d9f18781cee3bd38) Importer(815301076,1909f56bfc062723c751e8b465ee728b)  -> (artifact id: 'bf17e81aadca5a0fcca75a7c3102b557') in 0.022033 seconds 
========================================================================
Received Import Request.
  Time since last request: 6.404321 seconds.
  path: Assets/Prefabs/Planets/Planet1.prefab
  artifactKey: Guid(26d56d92e586aed459b88ee3b7f54ace) Importer(815301076,1909f56bfc062723c751e8b465ee728b)
Start importing Assets/Prefabs/Planets/Planet1.prefab using Guid(26d56d92e586aed459b88ee3b7f54ace) Importer(815301076,1909f56bfc062723c751e8b465ee728b)  -> (artifact id: '375c631fb2a0833ae893dcef1cb24509') in 0.020830 seconds 
========================================================================
Received Import Request.
  Time since last request: 0.007747 seconds.
  path: Assets/Prefabs/Planets/Planet2.prefab
  artifactKey: Guid(40cfee553edd5b54eb77fef4b414c8c4) Importer(815301076,1909f56bfc062723c751e8b465ee728b)
Start importing Assets/Prefabs/Planets/Planet2.prefab using Guid(40cfee553edd5b54eb77fef4b414c8c4) Importer(815301076,1909f56bfc062723c751e8b465ee728b)  -> (artifact id: '46df247c9b3dd3b697c069fd71f3c23a') in 0.022803 seconds 
========================================================================
Received Import Request.
  Time since last request: 0.000020 seconds.
  path: Assets/Prefabs/Planets/Planet4.prefab
  artifactKey: Guid(56910a69932eac64cabb6fbeb2a38627) Importer(815301076,1909f56bfc062723c751e8b465ee728b)
Start importing Assets/Prefabs/Planets/Planet4.prefab using Guid(56910a69932eac64cabb6fbeb2a38627) Importer(815301076,1909f56bfc062723c751e8b465ee728b)  -> (artifact id: '69e5c6fca80edd9d24219375b79922c1') in 0.023499 seconds 
========================================================================
Received Import Request.
  Time since last request: 2.617901 seconds.
  path: Assets/Prefabs/Planets/Planet5.prefab
  artifactKey: Guid(db0dc7b348cd48b46b41a118ee57f405) Importer(815301076,1909f56bfc062723c751e8b465ee728b)
Start importing Assets/Prefabs/Planets/Planet5.prefab using Guid(db0dc7b348cd48b46b41a118ee57f405) Importer(815301076,1909f56bfc062723c751e8b465ee728b)  -> (artifact id: '830d7043471a0bf6fb44f39de19e0469') in 0.019487 seconds 
========================================================================
Received Import Request.
  Time since last request: 2.986699 seconds.
  path: Assets/Prefabs/Planets/Planet4.prefab
  artifactKey: Guid(56910a69932eac64cabb6fbeb2a38627) Importer(815301076,1909f56bfc062723c751e8b465ee728b)
Start importing Assets/Prefabs/Planets/Planet4.prefab using Guid(56910a69932eac64cabb6fbeb2a38627) Importer(815301076,1909f56bfc062723c751e8b465ee728b)  -> (artifact id: 'aafab0c02d8d5f703355395f96cea5c1') in 0.030538 seconds 
Editor requested this worker to shutdown with reason: Scaling down because of idle timeout
AssetImportWorker is now disconnected from the server
Process exiting
Exiting without the bug reporter. Application will terminate with return code 0